<?xml version="1.0" encoding="UTF-8"?>
<!-- Generated by org.testng.reporters.JUnitReportReporter -->
<testsuite hostname="ReyaLabPC" failures="0" tests="2" name="variousConcepts.LearnTestNG" time="21.160" errors="0" timestamp="2021-07-16T16:07:37 GMT-07:00" skipped="0">
  <testcase classname="variousConcepts.LearnTestNG" name="negativeloginTest" time="9.011"/>
  <system-out/>
  <testcase classname="variousConcepts.LearnTestNG" name="loginTest" time="12.149"/>
  <system-out/>
</testsuite> <!-- variousConcepts.LearnTestNG -->
